<?xml version="1.0" encoding="UTF-8"?>
<testng-results skipped="0" failed="0" ignored="0" total="1" passed="1">
  <reporter-output>
  </reporter-output>
  <suite name="assignment" duration-ms="19321" started-at="2019-06-25T19:23:31Z" finished-at="2019-06-25T19:23:50Z">
    <groups>
    </groups>
    <test name="assignment" duration-ms="19321" started-at="2019-06-25T19:23:31Z" finished-at="2019-06-25T19:23:50Z">
      <class name="Sample">
        <test-method status="PASS" signature="beforeClass()[pri:0, instance:Sample@1888ff2c]" name="beforeClass" is-config="true" duration-ms="6525" started-at="2019-06-25T12:23:31Z" finished-at="2019-06-25T12:23:37Z">
          <reporter-output>
          </reporter-output>
        </test-method> <!-- beforeClass -->
        <test-method status="PASS" signature="test()[pri:0, instance:Sample@1888ff2c]" name="test" duration-ms="12783" started-at="2019-06-25T12:23:37Z" finished-at="2019-06-25T12:23:50Z">
          <reporter-output>
          </reporter-output>
        </test-method> <!-- test -->
        <test-method status="PASS" signature="afterClass()[pri:0, instance:Sample@1888ff2c]" name="afterClass" is-config="true" duration-ms="1" started-at="2019-06-25T12:23:50Z" finished-at="2019-06-25T12:23:50Z">
          <reporter-output>
          </reporter-output>
        </test-method> <!-- afterClass -->
      </class> <!-- Sample -->
    </test> <!-- assignment -->
  </suite> <!-- assignment -->
</testng-results>
